<?xml version="1.0" encoding="UTF-8"?>
<!-- Generated by org.testng.reporters.JUnitReportReporter -->
<testsuite hostname="DESKTOP-G0T9AQE" name="Jasper.Automation.Tests.Tests" tests="1" failures="0" timestamp="17 Jan 2023 16:38:51 GMT" time="30.209" errors="0">
  <testcase name="Focus_test_exercise" time="30.209" classname="Jasper.Automation.Tests.Tests"/>
</testsuite> <!-- Jasper.Automation.Tests.Tests -->
